[2025-04-10 06:28:02] Unauthorized access attempt by 'POST /books' on 'add_book'
[2025-04-10 07:41:07] Unauthorized access attempt by 'POST /books' on 'add_book'
[2025-04-10 07:53:15] Unauthorized access attempt by 'POST /books' on 'add_book'
[2025-04-10 07:53:50] Unauthorized access attempt by 'POST /books' on 'add_book'
[2025-04-10 14:39:04] Unauthorized access attempt by 'POST /books' on 'add_book'
[2025-04-10 14:40:19] Unauthorized access attempt by 'POST /books' on 'add_book'
[2025-04-10 14:41:45] Unauthorized access attempt by 'POST /books' on 'add_book'
[2025-04-10 14:43:08] Unauthorized access attempt by 'POST /books' on 'add_book'
[2025-04-10 14:46:26] Unauthorized access attempt by 'POST /books' on 'add_book'
[2025-04-10 14:47:59] Unauthorized access attempt by 'POST /books' on 'add_book'
[2025-04-10 14:54:54] Unauthorized access attempt by 'POST /books' on 'add_book'
[2025-04-10 14:55:25] Unauthorized access attempt by 'POST /books' on 'add_book'
[2025-04-10 14:55:43] Unauthorized access attempt by 'POST /books' on 'add_book'
[2025-04-10 14:59:40] Unauthorized access attempt by 'POST /books' on 'add_book'
[2025-04-10 15:05:10] Unauthorized access attempt by 'POST /books' on 'add_book'
[2025-04-14 02:12:39] Unauthorized access attempt by 'POST /books' on 'add_book'
[2025-04-14 11:17:40] Unauthorized access attempt by 'POST /books' on 'add_book'
[2025-04-14 12:21:55] Unauthorized access attempt by 'POST /books' on 'add_book'
[2025-04-14 12:23:34] Unauthorized access attempt by 'POST /books' on 'add_book'
[2025-04-14 12:27:41] Unauthorized access attempt by 'POST /books' on 'add_book'
[2025-04-14 13:00:20] Unauthorized access attempt by 'POST /books' on 'add_book'
[2025-04-14 13:29:16] Unauthorized access attempt by 'POST /books' on 'add_book'
[2025-04-14 13:31:51] Unauthorized access attempt by 'POST /books' on 'add_book'
[2025-04-14 19:29:45] Unauthorized access attempt by 'POST /books' on 'add_book'
[2025-04-15 15:03:07] Unauthorized access attempt by 'POST /borrow' on 'book_id=104'
[2025-04-15 15:05:58] Unauthorized access attempt by 'POST /borrow' on 'book_id=104'
[2025-04-15 15:07:15] Unauthorized access attempt by 'POST /borrow' on 'book_id=104'
[2025-04-15 15:12:35] Unauthorized access attempt by 'POST /borrow' on 'book_id=104'
[2025-04-15 15:16:50] Unauthorized access attempt by 'POST /borrow' on 'book_id=104'
[2025-04-15 15:17:01] Unauthorized access attempt by 'POST /borrow' on 'book_id=104'
[2025-04-16 05:17:05] Unauthorized access attempt by 'POST /borrow' on 'Invalid session ID: 92a45874-fab4-4c2a-a3c5-1ffb84624bb9'
[2025-04-16 05:21:08] Unauthorized access attempt by 'POST /borrow' on 'Invalid session ID: 92a45874-fab4-4c2a-a3c5-1ffb84624bb9'
[2025-04-16 05:27:20] Unauthorized access attempt by 'None' on 'None'
[2025-04-16 05:28:14] Unauthorized access attempt by 'None' on 'None'
[2025-04-16 05:30:01] Unauthorized access attempt by 'None' on 'None'
[2025-04-16 05:30:24] Unauthorized access attempt by 'None' on 'None'
[2025-04-16 05:33:25] Unauthorized access attempt by 'None' on 'None'
[2025-04-16 08:26:33] Unauthorized access attempt by 'POST /notifications' on 'send_notification'
[2025-04-16 08:26:46] Unauthorized access attempt by 'POST /notifications' on 'send_notification'
[2025-04-16 10:39:45] Unauthorized access attempt by 'POST /notifications' on 'send_notification'
[2025-04-16 10:40:23] Unauthorized access attempt by 'POST /notifications' on 'send_notification'
[2025-04-16 11:44:56] Unauthorized access attempt by 'POST /notifications' on 'send_notification'
[2025-04-16 11:46:02] Unauthorized access attempt by 'POST /notifications' on 'send_notification'
[2025-04-16 11:46:07] Unauthorized access attempt by 'POST /notifications' on 'send_notification'
[2025-04-16 11:51:00] Unauthorized access attempt by 'POST /notifications' on 'send_notification'
[2025-04-16 11:52:10] Unauthorized access attempt by 'POST /notifications' on 'send_notification'
[2025-04-16 11:56:31] Unauthorized access attempt by 'POST /borrow' on 'Invalid session ID: d6a57c7b-eebb-4ef7-944c-097e6635069e'
[2025-04-16 13:59:52] Unauthorized access attempt by 'POST /notifications' on 'send_notification'
[2025-04-18 15:17:19] Unauthorized access attempt by '33d21c69-5880-4bc7-a337-4b324f570628' on 'lakshya@iitgn.ac.in'
